


materialPath: D:\SteamLibrary\steamapps\common\Team Fortress 2\tf\materials
Loading C:\Users\Connor\Documents\GitHub\pl_cornwater\pl_cornwater_b7c.vmf
KeyValues Error: RecursiveLoadFromBuffer:  got EOF instead of keyname in file materials/cornwater/cornfloor_002.vmt
LightmappedGeneric, 
KeyValues Error: RecursiveLoadFromBuffer:  got EOF instead of keyname in file materials/cornwater/cornfloor_002.vmt
LightmappedGeneric, 
ConVarRef mat_reduceparticles doesn't point to an existing ConVar
Patching WVT material: maps/pl_cornwater_b7c/nature/blendgroundtograss007_wvt_patch
Patching WVT material: maps/pl_cornwater_b7c/jungle/blendgroundtograss_jungle_wvt_patch
Patching WVT material: maps/pl_cornwater_b7c/winter/blendgraveltograss001_wvt_patch
Patching WVT material: maps/pl_cornwater_b7c/nature/blendrockgroundwallforest001_wvt_patch
fixing up env_cubemap materials on brush sides...
env_cubemap pointing at deleted brushside near (478, 118, 248)
env_cubemap pointing at deleted brushside near (740, -1192, 194)
KeyValues Error: RecursiveLoadFromBuffer:  got EOF instead of keyname in file materials/CORNWATER/CORNFLOOR_002.vmt
LightmappedGeneric, 
KeyValues Error: RecursiveLoadFromBuffer:  got EOF instead of keyname in file materials/CORNWATER/CORNFLOOR_002.vmt
LightmappedGeneric, 
KeyValues Error: RecursiveLoadFromBuffer:  got EOF instead of keyname in file materials/CORNWATER/CORNFLOOR_002.vmt
LightmappedGeneric, 
KeyValues Error: RecursiveLoadFromBuffer:  got EOF instead of keyname in file materials/CORNWATER/CORNFLOOR_002.vmt
LightmappedGeneric, 
0...1...2...3...4...5...6...7...8...9...100...1...2...3...4...5...6...7...8...9...10Processing areas...done (0)
Building Faces...done (0)
Occluder "" straddles multiple areas. This is invalid!
Occluder "" straddles multiple areas. This is invalid!
Occluder "" straddles multiple areas. This is invalid!
Occluder "" straddles multiple areas. This is invalid!
Occluder "" straddles multiple areas. This is invalid!
Occluder "" straddles multiple areas. This is invalid!
Occluder "" straddles multiple areas. This is invalid!
Occluder "" straddles multiple areas. This is invalid!
Occluder "" straddles multiple areas. This is invalid!
Occluder "" straddles multiple areas. This is invalid!
Occluder "" straddles multiple areas. This is invalid!
Occluder "" straddles multiple areas. This is invalid!
Occluder "" straddles multiple areas. This is invalid!
Occluder "" straddles multiple areas. This is invalid!
Occluder "" straddles multiple areas. This is invalid!
Occluder "" straddles multiple areas. This is invalid!
Occluder "" straddles multiple areas. This is invalid!
Occluder "" straddles multiple areas. This is invalid!
Occluder "" straddles multiple areas. This is invalid!
Occluder "" straddles multiple areas. This is invalid!
Occluder "" straddles multiple areas. This is invalid!
Occluder "" straddles multiple areas. This is invalid!
Occluder "" straddles multiple areas. This is invalid!
Occluder "" straddles multiple areas. This is invalid!
Occluder "" straddles multiple areas. This is invalid!
Occluder "" straddles multiple areas. This is invalid!
Occluder "" straddles multiple areas. This is invalid!
Occluder "" straddles multiple areas. This is invalid!
Occluder "" straddles multiple areas. This is invalid!
Occluder "" straddles multiple areas. This is invalid!
Occluder "" straddles multiple areas. This is invalid!
Occluder "" straddles multiple areas. This is invalid!
Occluder "" straddles multiple areas. This is invalid!
Occluder "" straddles multiple areas. This is invalid!
Occluder "" straddles multiple areas. This is invalid!
Occluder "" straddles multiple areas. This is invalid!
Occluder "" straddles multiple areas. This is invalid!
Occluder "" straddles multiple areas. This is invalid!
Occluder "" straddles multiple areas. This is invalid!
Occluder "" straddles multiple areas. This is invalid!
Occluder "" straddles multiple areas. This is invalid!
Occluder "" straddles multiple areas. This is invalid!
Occluder "" straddles multiple areas. This is invalid!
Occluder "" straddles multiple areas. This is invalid!
Occluder "" straddles multiple areas. This is invalid!
Occluder "" straddles multiple areas. This is invalid!
Occluder "" straddles multiple areas. This is invalid!
Occluder "" straddles multiple areas. This is invalid!
Occluder "" straddles multiple areas. This is invalid!
Occluder "" straddles multiple areas. This is invalid!
Occluder "" straddles multiple areas. This is invalid!
Occluder "" straddles multiple areas. This is invalid!
Occluder "" straddles multiple areas. This is invalid!
Occluder "" straddles multiple areas. This is invalid!
Occluder "" straddles multiple areas. This is invalid!
Occluder "" straddles multiple areas. This is invalid!
Occluder "" straddles multiple areas. This is invalid!
Occluder "" straddles multiple areas. This is invalid!
Occluder "" straddles multiple areas. This is invalid!
Occluder "" straddles multiple areas. This is invalid!
Occluder "" straddles multiple areas. This is invalid!
Occluder "" straddles multiple areas. This is invalid!
Occluder "" straddles multiple areas. This is invalid!
Occluder "" straddles multiple areas. This is invalid!
Occluder "" straddles multiple areas. This is invalid!
Occluder "" straddles multiple areas. This is invalid!
Occluder "" straddles multiple areas. This is invalid!
Occluder "" straddles multiple areas. This is invalid!
Occluder "" straddles multiple areas. This is invalid!
Occluder "" straddles multiple areas. This is invalid!
Occluder "" straddles multiple areas. This is invalid!
Occluder "" straddles multiple areas. This is invalid!
Occluder "" straddles multiple areas. This is invalid!
Occluder "" straddles multiple areas. This is invalid!
Occluder "" straddles multiple areas. This is invalid!
Occluder "" straddles multiple areas. This is invalid!
Occluder "" straddles multiple areas. This is invalid!
Occluder "" straddles multiple areas. This is invalid!
Occluder "" straddles multiple areas. This is invalid!
Occluder "" straddles multiple areas. This is invalid!
Occluder "" straddles multiple areas. This is invalid!
Occluder "" straddles multiple areas. This is invalid!
Occluder "" straddles multiple areas. This is invalid!
Occluder "" straddles multiple areas. This is invalid!
Occluder "" straddles multiple areas. This is invalid!
Occluder "" straddles multiple areas. This is invalid!
Occluder "" straddles multiple areas. This is invalid!
Occluder "" straddles multiple areas. This is invalid!
Occluder "" straddles multiple areas. This is invalid!
Occluder "" straddles multiple areas. This is invalid!
Occluder "" straddles multiple areas. This is invalid!
Occluder "" straddles multiple areas. This is invalid!
Occluder "" straddles multiple areas. This is invalid!
Chop Details...done (0)
Find Visible Detail Sides...
Merged 2690 detail faces...done (1)
Merging details...done (0)
FixTjuncs...
PruneNodes...
WriteBSP...
done (0)
writing C:\Users\Connor\Documents\GitHub\pl_cornwater\pl_cornwater_b7c.prt...Building visibility clusters...
done (0)
*** Error: Skybox vtf files for skybox/sky_goldrush_01 weren't compiled with the same size texture and/or same flags!
Can't load skybox file skybox/sky_goldrush_01 to build the default cubemap!
*** Error: Skybox vtf files for skybox/sky_goldrush_01 weren't compiled with the same size texture and/or same flags!
Can't load skybox file skybox/sky_goldrush_01 to build the default cubemap!
Finding displacement neighbors...
Found a displacement edge abutting multiple other edges.
Finding lightmap sample positions...
Displacement Alpha : 0...1...2...3...4...5...6...7...8...9...10
Building Physics collision data...
done (1) (1668641 bytes)
Placing detail props : 0...1...2...3...4...5...6...7...8...9...10
Compacting texture/material tables...
Reduced 14418 texinfos to 5647
Reduced 294 texdatas to 243 (8130 bytes to 6327)
Writing C:\Users\Connor\Documents\GitHub\pl_cornwater\pl_cornwater_b7c.bsp
MSG_FILEWRITE - Filesystem was asked to write to 'C:\Users\Connor\Documents\GitHub\pl_cornwater\pl_cornwater_b7c.bsp', but we don't own that location. Allowing.
Wrote ZIP buffer, estimated size 27483, actual size 20167
11 seconds elapsed



16 threads
reading c:\users\connor\documents\github\pl_cornwater\pl_cornwater_b7c.bsp
reading c:\users\connor\documents\github\pl_cornwater\pl_cornwater_b7c.prt
1481 portalclusters
3931 numportals
0...1...2...3...4...5...6...7...8...9...100...1...2...3...4...5...6...7...8...9...10Optimized: 5201 visible clusters (1.27%)
Total clusters visible: 408449
Average clusters visible: 275
Building PAS...
Average clusters audible: 1342
visdatasize:442953  compressed from 568704
writing c:\users\connor\documents\github\pl_cornwater\pl_cornwater_b7c.bsp
MSG_FILEWRITE - Filesystem was asked to write to 'c:\users\connor\documents\github\pl_cornwater\pl_cornwater_b7c.bsp', but we don't own that location. Allowing.
35 seconds elapsed



[Reading texlights from 'lights.rad']
[56 texlights parsed from 'lights.rad']

Loading c:\users\connor\documents\github\pl_cornwater\pl_cornwater_b7c.bsp
13394 faces
3 degenerate faces
2283059 square feet [328760544.00 square inches]
654 Displacements
324711 Square Feet [46758404.00 Square Inches]
13391 patches before subdivision
172185 patches after subdivision
247 direct lights
0...1...2...3...4...5...6...7...8...9...100...1...2...3...4...5...6...7...8...9...10transfers 15208217, max 1551
transfer lists: 116.0 megs
0...1...2...3...4...5...6...7...8...9...10	Bounce #1 added RGB(1028180, 840643, 743743)
0...1...2...3...4...5...6...7...8...9...10	Bounce #2 added RGB(195796, 144664, 113634)
0...1...2...3...4...5...6...7...8...9...10	Bounce #3 added RGB(46212, 31089, 21718)
0...1...2...3...4...5...6...7...8...9...10	Bounce #4 added RGB(12537, 7760, 4871)
0...1...2...3...4...5...6...7...8...9...10	Bounce #5 added RGB(3784, 2140, 1195)
0...1...2...3...4...5...6...7...8...9...10	Bounce #6 added RGB(1213, 627, 310)
0...1...2...3...4...5...6...7...8...9...10	Bounce #7 added RGB(414, 194, 84)
0...1...2...3...4...5...6...7...8...9...10	Bounce #8 added RGB(144, 62, 23)
0...1...2...3...4...5...6...7...8...9...10	Bounce #9 added RGB(53, 20, 7)
0...1...2...3...4...5...6...7...8...9...10	Bounce #10 added RGB(19, 7, 2)
0...1...2...3...4...5...6...7...8...9...10	Bounce #11 added RGB(7, 2, 1)
0...1...2...3...4...5...6...7...8...9...10	Bounce #12 added RGB(3, 1, 0)
0...1...2...3...4...5...6...7...8...9...10	Bounce #13 added RGB(1, 0, 0)
0...1...2...3...4...5...6...7...8...9...10	Bounce #14 added RGB(0, 0, 0)
Build Patch/Sample Hash Table(s).....Done<0.0378 sec>
0...1...2...3...4...5...6...7...8...9...10FinalLightFace Done
Computing detail prop lighting : 0...1...2...3...4...5...6...7...8...9...10
0 of 0 (0% of) surface lights went in leaf ambient cubes.
0...1...2...3...4...5...6...7...8...9...10Writing leaf ambient...done
Computing static prop lighting : 00...1...2...3...4...5...6...7...8...9...10
Ready to Finish

Object names       Objects/Maxobjs  Memory / Maxmem  Fullness 
------------       ---------------  ---------------  -------- 
models                 142/1024         6816/49152    (13.9%) 
brushes               4864/8192        58368/98304    (59.4%) 
brushsides           33273/65536      266184/524288   (50.8%) 
planes               14470/65536      289400/1310720  (22.1%) 
vertexes             27658/65536      331896/786432   (42.2%) 
nodes                 5081/65536      162592/2097152  ( 7.8%) 
texinfos              5647/12288      406584/884736   (46.0%) 
texdata                243/2048         7776/65536    (11.9%) 
dispinfos              654/0          115104/0        ( 0.0%) 
disp_verts           35054/0          701080/0        ( 0.0%) 
disp_tris            52992/0          105984/0        ( 0.0%) 
disp_lmsamples     1148560/0         1148560/0        ( 0.0%) 
faces                13394/65536      750064/3670016  (20.4%) 
hdr faces                0/65536           0/3670016  ( 0.0%) 
origfaces            10522/65536      589232/3670016  (16.1%) 
leaves                5224/65536      167168/2097152  ( 8.0%) 
leaffaces            16708/65536       33416/131072   (25.5%) 
leafbrushes          10906/65536       21812/131072   (16.6%) 
areas                   26/256           208/2048     (10.2%) 
surfedges           112605/512000     450420/2048000  (22.0%) 
edges                75674/256000     302696/1024000  (29.6%) 
LDR worldlights        247/8192        21736/720896   ( 3.0%) 
HDR worldlights          0/8192            0/720896   ( 0.0%) 
leafwaterdata            0/32768           0/393216   ( 0.0%) 
waterstrips           2296/32768       22960/327680   ( 7.0%) 
waterverts               0/65536           0/786432   ( 0.0%) 
waterindices         48069/65536       96138/131072   (73.3%) 
cubemapsamples          15/1024          240/16384    ( 1.5%) 
overlays               231/512         81312/180224   (45.1%) 
LDR lightdata         [variable]     9732732/0        ( 0.0%) 
HDR lightdata         [variable]           0/0        ( 0.0%) 
visdata               [variable]      442953/16777216 ( 2.6%) 
entdata               [variable]      389449/393216   (99.0%) VERY FULL!
LDR ambient table     5224/65536       20896/262144   ( 8.0%) 
HDR ambient table     5224/65536       20896/262144   ( 8.0%) 
LDR leaf ambient     30307/65536      848596/1835008  (46.2%) 
HDR leaf ambient      5224/65536      146272/1835008  ( 8.0%) 
occluders               18/0             720/0        ( 0.0%) 
occluder polygons       36/0             432/0        ( 0.0%) 
occluder vert ind      144/0             576/0        ( 0.0%) 
detail props          [variable]           1/2570616  ( 0.0%) 
dtl prp lght          [variable]           1/4        (25.0%) 
HDR dtl prp lght      [variable]           1/4        (25.0%) 
static props          [variable]           1/148884   ( 0.0%) 
pakfile               [variable]    12288205/0        ( 0.0%) 
physics               [variable]     1668641/4194304  (39.8%) 
physics terrain       [variable]      159516/1048576  (15.2%) 

Level flags = 1

Total triangle count: 43672
Writing c:\users\connor\documents\github\pl_cornwater\pl_cornwater_b7c.bsp
2 minutes, 44 seconds elapsed



[Reading texlights from 'lights.rad']
[56 texlights parsed from 'lights.rad']

Loading c:\users\connor\documents\github\pl_cornwater\pl_cornwater_b7c.bsp
13394 faces
3 degenerate faces
2283059 square feet [328760544.00 square inches]
654 Displacements
324711 Square Feet [46758404.00 Square Inches]
13391 patches before subdivision
172185 patches after subdivision
247 direct lights
0...1...2...3...4...5...6...7...8...9...100...1...2...3...4...5...6...7...8...9...10transfers 15208217, max 1551
transfer lists: 116.0 megs
0...1...2...3...4...5...6...7...8...9...10	Bounce #1 added RGB(950699, 784800, 695339)
0...1...2...3...4...5...6...7...8...9...10	Bounce #2 added RGB(171261, 127234, 98887)
0...1...2...3...4...5...6...7...8...9...10	Bounce #3 added RGB(39406, 26674, 18130)
0...1...2...3...4...5...6...7...8...9...10	Bounce #4 added RGB(10453, 6569, 3961)
0...1...2...3...4...5...6...7...8...9...10	Bounce #5 added RGB(3120, 1817, 964)
0...1...2...3...4...5...6...7...8...9...10	Bounce #6 added RGB(990, 537, 251)
0...1...2...3...4...5...6...7...8...9...10	Bounce #7 added RGB(336, 168, 69)
0...1...2...3...4...5...6...7...8...9...10	Bounce #8 added RGB(116, 54, 19)
0...1...2...3...4...5...6...7...8...9...10	Bounce #9 added RGB(42, 18, 6)
0...1...2...3...4...5...6...7...8...9...10	Bounce #10 added RGB(15, 6, 2)
0...1...2...3...4...5...6...7...8...9...10	Bounce #11 added RGB(6, 2, 1)
0...1...2...3...4...5...6...7...8...9...10	Bounce #12 added RGB(2, 1, 0)
0...1...2...3...4...5...6...7...8...9...10	Bounce #13 added RGB(1, 0, 0)
Build Patch/Sample Hash Table(s).....Done<0.0391 sec>
0...1...2...3...4...5...6...7...8...9...10FinalLightFace Done
Computing detail prop lighting : 0...1...2...3...4...5...6...7...8...9...10
0 of 0 (0% of) surface lights went in leaf ambient cubes.
0...1...2...3...4...5...6...7...8...9...10Writing leaf ambient...done
Computing static prop lighting : 00...1...2...3...4...5...6...7...8...9...10
Ready to Finish

Object names       Objects/Maxobjs  Memory / Maxmem  Fullness 
------------       ---------------  ---------------  -------- 
models                 142/1024         6816/49152    (13.9%) 
brushes               4864/8192        58368/98304    (59.4%) 
brushsides           33273/65536      266184/524288   (50.8%) 
planes               14470/65536      289400/1310720  (22.1%) 
vertexes             27658/65536      331896/786432   (42.2%) 
nodes                 5081/65536      162592/2097152  ( 7.8%) 
texinfos              5647/12288      406584/884736   (46.0%) 
texdata                243/2048         7776/65536    (11.9%) 
dispinfos              654/0          115104/0        ( 0.0%) 
disp_verts           35054/0          701080/0        ( 0.0%) 
disp_tris            52992/0          105984/0        ( 0.0%) 
disp_lmsamples     1148560/0         1148560/0        ( 0.0%) 
faces                13394/65536      750064/3670016  (20.4%) 
hdr faces            13394/65536      750064/3670016  (20.4%) 
origfaces            10522/65536      589232/3670016  (16.1%) 
leaves                5224/65536      167168/2097152  ( 8.0%) 
leaffaces            16708/65536       33416/131072   (25.5%) 
leafbrushes          10906/65536       21812/131072   (16.6%) 
areas                   26/256           208/2048     (10.2%) 
surfedges           112605/512000     450420/2048000  (22.0%) 
edges                75674/256000     302696/1024000  (29.6%) 
LDR worldlights        247/8192        21736/720896   ( 3.0%) 
HDR worldlights        247/8192        21736/720896   ( 3.0%) 
leafwaterdata            0/32768           0/393216   ( 0.0%) 
waterstrips           2296/32768       22960/327680   ( 7.0%) 
waterverts               0/65536           0/786432   ( 0.0%) 
waterindices         48069/65536       96138/131072   (73.3%) 
cubemapsamples          15/1024          240/16384    ( 1.5%) 
overlays               231/512         81312/180224   (45.1%) 
LDR lightdata         [variable]     9732732/0        ( 0.0%) 
HDR lightdata         [variable]     9732732/0        ( 0.0%) 
visdata               [variable]      442953/16777216 ( 2.6%) 
entdata               [variable]      389449/393216   (99.0%) VERY FULL!
LDR ambient table     5224/65536       20896/262144   ( 8.0%) 
HDR ambient table     5224/65536       20896/262144   ( 8.0%) 
LDR leaf ambient     30307/65536      848596/1835008  (46.2%) 
HDR leaf ambient     30219/65536      846132/1835008  (46.1%) 
occluders               18/0             720/0        ( 0.0%) 
occluder polygons       36/0             432/0        ( 0.0%) 
occluder vert ind      144/0             576/0        ( 0.0%) 
detail props          [variable]           1/2570616  ( 0.0%) 
dtl prp lght          [variable]           1/4        (25.0%) 
HDR dtl prp lght      [variable]           1/4        (25.0%) 
static props          [variable]           1/148884   ( 0.0%) 
pakfile               [variable]    21543371/0        ( 0.0%) 
physics               [variable]     1668641/4194304  (39.8%) 
physics terrain       [variable]      159516/1048576  (15.2%) 

Level flags = 3

Total triangle count: 43672
Writing c:\users\connor\documents\github\pl_cornwater\pl_cornwater_b7c.bsp
2 minutes, 44 seconds elapsed
